<?xml version="1.0" encoding="UTF-8"?>
<!-- Generated by org.testng.reporters.JUnitReportReporter -->
<testsuite hostname="may27" name="com.test.NewTest" tests="7" failures="0" timestamp="8 Aug 2012 07:07:09 GMT" time="16.270" errors="0">
  <testcase name="checktextbox" time="0.092" classname="com.test.NewTest"/>
  <testcase name="searchPage" time="1.376" classname="com.test.NewTest"/>
  <testcase name="Login" time="9.956" classname="com.test.NewTest"/>
  <testcase name="deletePage" time="1.183" classname="com.test.NewTest"/>
  <testcase name="EnterPageForm" time="1.913" classname="com.test.NewTest"/>
  <testcase name="createPage" time="1.479" classname="com.test.NewTest"/>
  <testcase name="Logout" time="0.271" classname="com.test.NewTest"/>
</testsuite> <!-- com.test.NewTest -->
