<?xml version="1.0" encoding="UTF-8"?>
<!-- Generated by org.testng.reporters.JUnitReportReporter -->
<testsuite hostname="may27" name="com.test.AddPage" tests="1" failures="0" timestamp="14 Aug 2012 10:33:44 GMT" time="51.647" errors="0">
  <testcase name="Test_CreateNewSampleNode" time="51.647" classname="com.test.AddPage"/>
</testsuite> <!-- com.test.AddPage -->
