<?xml version="1.0" encoding="UTF-8"?>
<!-- Generated by org.testng.reporters.JUnitReportReporter -->
<testsuite hostname="may27" name="com.test.NewTest" tests="2" failures="0" timestamp="7 Aug 2012 03:16:36 GMT" time="6.801" errors="0">
  <testcase name="testabc" time="6.791" classname="com.test.NewTest"/>
  <testcase name="f" time="0.010" classname="com.test.NewTest"/>
</testsuite> <!-- com.test.NewTest -->
