<?xml version="1.0" encoding="UTF-8"?>
<!-- Generated by org.testng.reporters.JUnitReportReporter -->
<testsuite hostname="may27" name="com.test.TestDragDrop" tests="3" failures="0" timestamp="9 Aug 2012 02:45:33 GMT" time="19.105" errors="0">
  <testcase name="DragDrop" time="6.632" classname="com.test.TestDragDrop"/>
  <testcase name="login" time="11.256" classname="com.test.TestDragDrop"/>
  <testcase name="enterEditpage" time="1.217" classname="com.test.TestDragDrop"/>
</testsuite> <!-- com.test.TestDragDrop -->
